# JRE version: OpenJDK Runtime Environment (22.0.2+9) (build 22.0.2+9-70)
# Java VM: OpenJDK 64-Bit Server VM (22.0.2+9-70, mixed mode, sharing, tiered, compressed oops, compressed class ptrs, g1 gc, windows-amd64)
GC Precious Log:
 CardTable entry size: 512
 Card Set container configuration: InlinePtr #cards 4 size 8 Array Of Cards #cards 16 size 48 Howl #buckets 8 coarsen threshold 3686 Howl Bitmap #cards 512 size 80 coarsen threshold 460 Card regions per heap region 1 cards per card region 4096
 CPUs: 4 total, 4 available
 Memory: 16231M
 Large Page Support: Disabled
 NUMA Support: Disabled
 Compressed Oops: Enabled (Zero based)
 Heap Region Size: 2M
 Heap Min Capacity: 8M
 Heap Initial Capacity: 254M
 Heap Max Capacity: 4058M
 Pre-touch: Disabled
 Parallel Workers: 4
 Concurrent Workers: 1
 Concurrent Refinement Workers: 4
 Periodic GC: Disabled
Heap:
 garbage-first heap   total reserved 4155392K, committed 90112K, used 76100K [0x0000000702600000, 0x0000000800000000)
  region size 2048K, 26 young (53248K), 3 survivors (6144K)
 Metaspace       used 65608K, committed 66304K, reserved 1114112K
  class space    used 9626K, committed 9920K, reserved 1048576K
GC Heap History (20 events):
Event: 1.278 GC heap after
{Heap after GC invocations=2 (full 0):
 garbage-first heap   total reserved 4155392K, committed 260096K, used 7516K [0x0000000702600000, 0x0000000800000000)
  region size 2048K, 1 young (2048K), 1 survivors (2048K)
 Metaspace       used 6341K, committed 6592K, reserved 1114112K
  class space    used 773K, committed 896K, reserved 1048576K
}
Event: 2.720 GC heap before
{Heap before GC invocations=2 (full 0):
 garbage-first heap   total reserved 4155392K, committed 260096K, used 40284K [0x0000000702600000, 0x0000000800000000)
  region size 2048K, 17 young (34816K), 1 survivors (2048K)
 Metaspace       used 14595K, committed 14848K, reserved 1114112K
  class space    used 1916K, committed 2048K, reserved 1048576K
}
Event: 2.729 GC heap after
{Heap after GC invocations=3 (full 0):
 garbage-first heap   total reserved 4155392K, committed 260096K, used 9807K [0x0000000702600000, 0x0000000800000000)
  region size 2048K, 2 young (4096K), 2 survivors (4096K)
 Metaspace       used 14595K, committed 14848K, reserved 1114112K
  class space    used 1916K, committed 2048K, reserved 1048576K
}
Event: 4.326 GC heap before
{Heap before GC invocations=3 (full 0):
 garbage-first heap   total reserved 4155392K, committed 260096K, used 48719K [0x0000000702600000, 0x0000000800000000)
  region size 2048K, 23 young (47104K), 2 survivors (4096K)
 Metaspace       used 21231K, committed 21504K, reserved 1114112K
  class space    used 2872K, committed 3008K, reserved 1048576K
}
Event: 4.338 GC heap after
{Heap after GC invocations=4 (full 0):
 garbage-first heap   total reserved 4155392K, committed 260096K, used 13178K [0x0000000702600000, 0x0000000800000000)
  region size 2048K, 4 young (8192K), 4 survivors (8192K)
 Metaspace       used 21231K, committed 21504K, reserved 1114112K
  class space    used 2872K, committed 3008K, reserved 1048576K
}
Event: 5.163 GC heap before
{Heap before GC invocations=5 (full 0):
 garbage-first heap   total reserved 4155392K, committed 49152K, used 33658K [0x0000000702600000, 0x0000000800000000)
  region size 2048K, 14 young (28672K), 4 survivors (8192K)
 Metaspace       used 24538K, committed 25088K, reserved 1114112K
  class space    used 3352K, committed 3584K, reserved 1048576K
}
Event: 5.177 GC heap after
{Heap after GC invocations=6 (full 0):
 garbage-first heap   total reserved 4155392K, committed 49152K, used 14537K [0x0000000702600000, 0x0000000800000000)
  region size 2048K, 1 young (2048K), 1 survivors (2048K)
 Metaspace       used 24538K, committed 25088K, reserved 1114112K
  class space    used 3352K, committed 3584K, reserved 1048576K
}
Event: 5.907 GC heap before
{Heap before GC invocations=6 (full 0):
 garbage-first heap   total reserved 4155392K, committed 49152K, used 37065K [0x0000000702600000, 0x0000000800000000)
  region size 2048K, 12 young (24576K), 1 survivors (2048K)
 Metaspace       used 30091K, committed 30656K, reserved 1114112K
  class space    used 4260K, committed 4544K, reserved 1048576K
}
Event: 5.915 GC heap after
{Heap after GC invocations=7 (full 0):
 garbage-first heap   total reserved 4155392K, committed 49152K, used 15755K [0x0000000702600000, 0x0000000800000000)
  region size 2048K, 2 young (4096K), 2 survivors (4096K)
 Metaspace       used 30091K, committed 30656K, reserved 1114112K
  class space    used 4260K, committed 4544K, reserved 1048576K
}
Event: 6.408 GC heap before
{Heap before GC invocations=7 (full 0):
 garbage-first heap   total reserved 4155392K, committed 49152K, used 23947K [0x0000000702600000, 0x0000000800000000)
  region size 2048K, 8 young (16384K), 2 survivors (4096K)
 Metaspace       used 35534K, committed 35968K, reserved 1114112K
  class space    used 4909K, committed 5120K, reserved 1048576K
}
Event: 6.418 GC heap after
{Heap after GC invocations=8 (full 0):
 garbage-first heap   total reserved 4155392K, committed 49152K, used 18011K [0x0000000702600000, 0x0000000800000000)
  region size 2048K, 2 young (4096K), 2 survivors (4096K)
 Metaspace       used 35534K, committed 35968K, reserved 1114112K
  class space    used 4909K, committed 5120K, reserved 1048576K
}
Event: 7.411 GC heap before
{Heap before GC invocations=9 (full 0):
 garbage-first heap   total reserved 4155392K, committed 49152K, used 38491K [0x0000000702600000, 0x0000000800000000)
  region size 2048K, 12 young (24576K), 2 survivors (4096K)
 Metaspace       used 41608K, committed 42176K, reserved 1114112K
  class space    used 5719K, committed 5952K, reserved 1048576K
}
Event: 7.424 GC heap after
{Heap after GC invocations=10 (full 0):
 garbage-first heap   total reserved 4155392K, committed 49152K, used 20043K [0x0000000702600000, 0x0000000800000000)
  region size 2048K, 2 young (4096K), 2 survivors (4096K)
 Metaspace       used 41608K, committed 42176K, reserved 1114112K
  class space    used 5719K, committed 5952K, reserved 1048576K
}
Event: 8.151 GC heap before
{Heap before GC invocations=10 (full 0):
 garbage-first heap   total reserved 4155392K, committed 49152K, used 38475K [0x0000000702600000, 0x0000000800000000)
  region size 2048K, 12 young (24576K), 2 survivors (4096K)
 Metaspace       used 47013K, committed 47552K, reserved 1114112K
  class space    used 6521K, committed 6784K, reserved 1048576K
}
Event: 8.162 GC heap after
{Heap after GC invocations=11 (full 0):
 garbage-first heap   total reserved 4155392K, committed 155648K, used 20947K [0x0000000702600000, 0x0000000800000000)
  region size 2048K, 2 young (4096K), 2 survivors (4096K)
 Metaspace       used 47013K, committed 47552K, reserved 1114112K
  class space    used 6521K, committed 6784K, reserved 1048576K
}
Event: 10.173 GC heap before
{Heap before GC invocations=11 (full 0):
 garbage-first heap   total reserved 4155392K, committed 155648K, used 84435K [0x0000000702600000, 0x0000000800000000)
  region size 2048K, 35 young (71680K), 2 survivors (4096K)
 Metaspace       used 60530K, committed 61056K, reserved 1114112K
  class space    used 8595K, committed 8832K, reserved 1048576K
}
Event: 10.189 GC heap after
{Heap after GC invocations=12 (full 0):
 garbage-first heap   total reserved 4155392K, committed 155648K, used 25630K [0x0000000702600000, 0x0000000800000000)
  region size 2048K, 4 young (8192K), 4 survivors (8192K)
 Metaspace       used 60530K, committed 61056K, reserved 1114112K
  class space    used 8595K, committed 8832K, reserved 1048576K
}
Event: 10.882 GC heap before
{Heap before GC invocations=13 (full 0):
 garbage-first heap   total reserved 4155392K, committed 90112K, used 70686K [0x0000000702600000, 0x0000000800000000)
  region size 2048K, 26 young (53248K), 4 survivors (8192K)
 Metaspace       used 62775K, committed 63360K, reserved 1114112K
  class space    used 9108K, committed 9344K, reserved 1048576K
}
Event: 10.901 GC heap after
{Heap after GC invocations=14 (full 0):
 garbage-first heap   total reserved 4155392K, committed 90112K, used 28996K [0x0000000702600000, 0x0000000800000000)
  region size 2048K, 2 young (4096K), 2 survivors (4096K)
 Metaspace       used 62775K, committed 63360K, reserved 1114112K
  class space    used 9108K, committed 9344K, reserved 1048576K
}
Event: 12.067 GC heap before
{Heap before GC invocations=14 (full 0):
 garbage-first heap   total reserved 4155392K, committed 90112K, used 76100K [0x0000000702600000, 0x0000000800000000)
  region size 2048K, 25 young (51200K), 2 survivors (4096K)
 Metaspace       used 65608K, committed 66304K, reserved 1114112K
  class space    used 9626K, committed 9920K, reserved 1048576K
}

